<?xml version="1.0" encoding="UTF-8"?>
<!-- Generated by org.testng.reporters.JUnitReportReporter -->
<testsuite hostname="DESKTOP-JJUUQ1A" failures="0" tests="1" name="Demo1.AssertionsDemo" time="16.935" errors="0" timestamp="2023-07-03T22:17:41 IST" skipped="0">
  <testcase classname="Demo1.AssertionsDemo" name="Invalidlogin" time="16.935"/>
</testsuite> <!-- Demo1.AssertionsDemo -->
