<?xml version="1.0" encoding="UTF-8"?>
<!-- Generated by org.testng.reporters.JUnitReportReporter -->
<testsuite hostname="DESKTOP-JJUUQ1A" failures="0" tests="1" name="Demo1.parameterization" time="0.014" errors="0" timestamp="2023-06-26T18:37:58 IST" skipped="0">
  <testcase classname="Demo1.parameterization" name="method1" time="0.014"/>
</testsuite> <!-- Demo1.parameterization -->
