<?xml version="1.0" encoding="UTF-8"?>
<!-- Generated by org.testng.reporters.JUnitReportReporter -->
<testsuite hostname="DESKTOP-JJUUQ1A" failures="0" tests="12" name="Demo1.otherAnnatations" time="0.057" errors="0" timestamp="2023-06-26T18:19:36 IST" skipped="1">
  <testcase classname="Demo1.otherAnnatations" name="method1" time="0.002"/>
  <testcase classname="Demo1.otherAnnatations" name="method1" time="0.004"/>
  <testcase classname="Demo1.otherAnnatations" name="method1" time="0.001"/>
  <testcase classname="Demo1.otherAnnatations" name="method1" time="0.006"/>
  <testcase classname="Demo1.otherAnnatations" name="method1" time="0.003"/>
  <testcase classname="Demo1.otherAnnatations" name="method1" time="0.002"/>
  <testcase classname="Demo1.otherAnnatations" name="method1" time="0.006"/>
  <testcase classname="Demo1.otherAnnatations" name="method1" time="0.006"/>
  <testcase classname="Demo1.otherAnnatations" name="method2" time="0.011"/>
  <testcase classname="Demo1.otherAnnatations" name="method1" time="0.010"/>
  <testcase classname="Demo1.otherAnnatations" name="method1" time="0.006"/>
  <testcase classname="Demo1.otherAnnatations" name="method3">
    <skipped/>
  </testcase> <!-- method3 -->
</testsuite> <!-- Demo1.otherAnnatations -->
