<?xml version="1.0" encoding="UTF-8"?>
<!-- Generated by org.testng.reporters.JUnitReportReporter -->
<testsuite hostname="DESKTOP-JJUUQ1A" failures="0" tests="3" name="Demo1.groupsDemo" time="0.015" errors="0" timestamp="2023-06-26T18:51:02 IST" skipped="0">
  <testcase classname="Demo1.groupsDemo" name="method1" time="0.002"/>
  <testcase classname="Demo1.groupsDemo" name="method2" time="0.007"/>
  <testcase classname="Demo1.groupsDemo" name="method3" time="0.006"/>
</testsuite> <!-- Demo1.groupsDemo -->
