<?xml version="1.0" encoding="UTF-8"?>
<!-- Generated by org.testng.reporters.JUnitReportReporter -->
<testsuite hostname="DESKTOP-JJUUQ1A" failures="0" tests="3" name="Demo1.priorityDemo" time="0.020" errors="0" timestamp="2023-06-26T18:51:02 IST" skipped="0">
  <testcase classname="Demo1.priorityDemo" name="method1" time="0.007"/>
  <testcase classname="Demo1.priorityDemo" name="method3" time="0.008"/>
  <testcase classname="Demo1.priorityDemo" name="method2" time="0.005"/>
</testsuite> <!-- Demo1.priorityDemo -->
