<?xml version="1.0" encoding="UTF-8"?>
<!-- Generated by org.testng.reporters.JUnitReportReporter -->
<testsuite hostname="DESKTOP-JJUUQ1A" failures="0" tests="2" name="Demo2.test2" time="0.014" errors="0" timestamp="2023-06-26T18:51:47 IST" skipped="0">
  <testcase classname="Demo2.test2" name="method1" time="0.006"/>
  <testcase classname="Demo2.test2" name="method2" time="0.008"/>
</testsuite> <!-- Demo2.test2 -->
