<?xml version="1.0" encoding="UTF-8"?>
<!-- Generated by org.testng.reporters.JUnitReportReporter -->
<testsuite hostname="DESKTOP-JJUUQ1A" failures="0" tests="2" name="Demo1.dependsonDemo" time="0.012" errors="0" timestamp="2023-06-26T18:50:26 IST" skipped="0">
  <testcase classname="Demo1.dependsonDemo" name="method2" time="0.009"/>
  <testcase classname="Demo1.dependsonDemo" name="method1" time="0.003"/>
</testsuite> <!-- Demo1.dependsonDemo -->
