<?xml version="1.0" encoding="UTF-8"?>
<!-- Generated by org.testng.reporters.JUnitReportReporter -->
<testsuite hostname="DESKTOP-JJUUQ1A" failures="0" tests="2" name="Demo1.test1" time="0.007" errors="0" timestamp="2023-06-26T18:51:47 IST" skipped="0">
  <testcase classname="Demo1.test1" name="method2" time="0.003"/>
  <testcase classname="Demo1.test1" name="method1" time="0.004"/>
</testsuite> <!-- Demo1.test1 -->
