<?xml version="1.0" encoding="UTF-8"?>
<!-- Generated by org.testng.reporters.JUnitReportReporter -->
<testsuite hostname="DESKTOP-JJUUQ1A" failures="0" tests="3" name="Demo1.dataProviderDemo" time="35.833" errors="0" timestamp="2023-06-27T20:54:41 IST" skipped="0">
  <testcase classname="Demo1.dataProviderDemo" name="login" time="11.760"/>
  <testcase classname="Demo1.dataProviderDemo" name="login" time="13.128"/>
  <testcase classname="Demo1.dataProviderDemo" name="login" time="10.945"/>
</testsuite> <!-- Demo1.dataProviderDemo -->
